-------------------------------------------------------------------------------
Test set: io.cdap.wrangler.dq.ConvertStringTest
-------------------------------------------------------------------------------
Tests run: 12, Failures: 1, Errors: 0, Skipped: 0, Time elapsed: 0.002 sec <<< FAILURE!
testremoveWhiteSpace(io.cdap.wrangler.dq.ConvertStringTest)  Time elapsed: 0.001 sec  <<< FAILURE!
org.junit.ComparisonFailure: expected:<ab c d᠎[]e f g h i > but was:<ab c d᠎[᠎]e f g h i >
	at org.junit.Assert.assertEquals(Assert.java:115)
	at org.junit.Assert.assertEquals(Assert.java:144)
	at io.cdap.wrangler.dq.ConvertStringTest.testremoveWhiteSpace(ConvertStringTest.java:177)

