<?xml version="1.0" encoding="UTF-8"?>
<testsuite name="io.cdap.directives.row.SendToErrorAndContinueTest" time="0.002" tests="6" errors="6" skipped="0" failures="0">
  <properties>
[...]
</properties>
  <testcase name="testErrorConditionFalseAndContinueWithTransientVariable" classname="io.cdap.directives.row.SendToErrorAndContinueTest" time="0">
    <error message="Error encountered while parsing &apos;send-to-error-and-continue&apos; : Improper usage of directive &apos;send-to-error-and-continue&apos;, usage - &apos;send-to-error-and-continue &apos;condition&apos;&apos;" type="io.cdap.wrangler.api.RecipeException"><![CDATA[io.cdap.wrangler.api.RecipeException: Error encountered while parsing 'send-to-error-and-continue' : Improper usage of directive 'send-to-error-and-continue', usage - 'send-to-error-and-continue 'condition''
	at io.cdap.wrangler.parser.MapArguments.<init>(MapArguments.java:61)
	at io.cdap.wrangler.parser.GrammarBasedParser.lambda$parse$0(GrammarBasedParser.java:87)
	at io.cdap.wrangler.parser.GrammarWalker.walk(GrammarWalker.java:96)
	at io.cdap.wrangler.parser.GrammarBasedParser.parse(GrammarBasedParser.java:75)
	at io.cdap.wrangler.executor.RecipePipelineExecutor.getDirectives(RecipePipelineExecutor.java:226)
	at io.cdap.wrangler.executor.RecipePipelineExecutor.execute(RecipePipelineExecutor.java:108)
	at io.cdap.directives.row.SendToErrorAndContinueTest.testErrorConditionFalseAndContinueWithTransientVariable(SendToErrorAndContinueTest.java:130)
]]></error>
  </testcase>
  <testcase name="testErrorConditionTrueAndContinue" classname="io.cdap.directives.row.SendToErrorAndContinueTest" time="0.001">
    <error message="Expected argument &apos;condition&apos; to be of type &apos;TEXT&apos;, but it is of type &apos;EXPRESSION&apos; -   3:0  -  3:38  - &apos;send-to-error-and-continue exp:{C == 1}&apos;" type="io.cdap.wrangler.api.RecipeException"><![CDATA[io.cdap.wrangler.api.RecipeException: Expected argument 'condition' to be of type 'TEXT', but it is of type 'EXPRESSION' -   3:0  -  3:38  - 'send-to-error-and-continue exp:{C == 1}'
	at io.cdap.wrangler.parser.MapArguments.<init>(MapArguments.java:101)
	at io.cdap.wrangler.parser.GrammarBasedParser.lambda$parse$0(GrammarBasedParser.java:87)
	at io.cdap.wrangler.parser.GrammarWalker.walk(GrammarWalker.java:96)
	at io.cdap.wrangler.parser.GrammarBasedParser.parse(GrammarBasedParser.java:75)
	at io.cdap.wrangler.executor.RecipePipelineExecutor.getDirectives(RecipePipelineExecutor.java:226)
	at io.cdap.wrangler.executor.RecipePipelineExecutor.execute(RecipePipelineExecutor.java:108)
	at io.cdap.directives.row.SendToErrorAndContinueTest.testErrorConditionTrueAndContinue(SendToErrorAndContinueTest.java:79)
]]></error>
  </testcase>
  <testcase name="testTransientVariableHandling" classname="io.cdap.directives.row.SendToErrorAndContinueTest" time="0">
    <error message="Expected argument &apos;condition&apos; to be of type &apos;TEXT&apos;, but it is of type &apos;EXPRESSION&apos; -   3:0  -  3:38  - &apos;send-to-error-and-continue exp:{C == 1}&apos;" type="io.cdap.wrangler.api.RecipeException"><![CDATA[io.cdap.wrangler.api.RecipeException: Expected argument 'condition' to be of type 'TEXT', but it is of type 'EXPRESSION' -   3:0  -  3:38  - 'send-to-error-and-continue exp:{C == 1}'
	at io.cdap.wrangler.parser.MapArguments.<init>(MapArguments.java:101)
	at io.cdap.wrangler.parser.GrammarBasedParser.lambda$parse$0(GrammarBasedParser.java:87)
	at io.cdap.wrangler.parser.GrammarWalker.walk(GrammarWalker.java:96)
	at io.cdap.wrangler.parser.GrammarBasedParser.parse(GrammarBasedParser.java:75)
	at io.cdap.wrangler.executor.RecipePipelineExecutor.getDirectives(RecipePipelineExecutor.java:226)
	at io.cdap.wrangler.executor.RecipePipelineExecutor.execute(RecipePipelineExecutor.java:108)
	at io.cdap.directives.row.SendToErrorAndContinueTest.testTransientVariableHandling(SendToErrorAndContinueTest.java:176)
]]></error>
  </testcase>
  <testcase name="testErrorAndContinueNoofColumns" classname="io.cdap.directives.row.SendToErrorAndContinueTest" time="0">
    <error message="Error encountered while parsing &apos;send-to-error-and-continue&apos; : Improper usage of directive &apos;send-to-error-and-continue&apos;, usage - &apos;send-to-error-and-continue &apos;condition&apos;&apos;" type="io.cdap.wrangler.api.RecipeException"><![CDATA[io.cdap.wrangler.api.RecipeException: Error encountered while parsing 'send-to-error-and-continue' : Improper usage of directive 'send-to-error-and-continue', usage - 'send-to-error-and-continue 'condition''
	at io.cdap.wrangler.parser.MapArguments.<init>(MapArguments.java:61)
	at io.cdap.wrangler.parser.GrammarBasedParser.lambda$parse$0(GrammarBasedParser.java:87)
	at io.cdap.wrangler.parser.GrammarWalker.walk(GrammarWalker.java:96)
	at io.cdap.wrangler.parser.GrammarBasedParser.parse(GrammarBasedParser.java:75)
	at io.cdap.wrangler.executor.RecipePipelineExecutor.getDirectives(RecipePipelineExecutor.java:226)
	at io.cdap.wrangler.executor.RecipePipelineExecutor.execute(RecipePipelineExecutor.java:108)
	at io.cdap.directives.row.SendToErrorAndContinueTest.testErrorAndContinueNoofColumns(SendToErrorAndContinueTest.java:53)
]]></error>
  </testcase>
  <testcase name="testErrorConditionTrueAndContinueWithTransientVariable" classname="io.cdap.directives.row.SendToErrorAndContinueTest" time="0.001">
    <error message="Error encountered while parsing &apos;send-to-error-and-continue&apos; : Improper usage of directive &apos;send-to-error-and-continue&apos;, usage - &apos;send-to-error-and-continue &apos;condition&apos;&apos;" type="io.cdap.wrangler.api.RecipeException"><![CDATA[io.cdap.wrangler.api.RecipeException: Error encountered while parsing 'send-to-error-and-continue' : Improper usage of directive 'send-to-error-and-continue', usage - 'send-to-error-and-continue 'condition''
	at io.cdap.wrangler.parser.MapArguments.<init>(MapArguments.java:61)
	at io.cdap.wrangler.parser.GrammarBasedParser.lambda$parse$0(GrammarBasedParser.java:87)
	at io.cdap.wrangler.parser.GrammarWalker.walk(GrammarWalker.java:96)
	at io.cdap.wrangler.parser.GrammarBasedParser.parse(GrammarBasedParser.java:75)
	at io.cdap.wrangler.executor.RecipePipelineExecutor.getDirectives(RecipePipelineExecutor.java:226)
	at io.cdap.wrangler.executor.RecipePipelineExecutor.execute(RecipePipelineExecutor.java:108)
	at io.cdap.directives.row.SendToErrorAndContinueTest.testErrorConditionTrueAndContinueWithTransientVariable(SendToErrorAndContinueTest.java:105)
]]></error>
  </testcase>
  <testcase name="testErrorMessageFormatting" classname="io.cdap.directives.row.SendToErrorAndContinueTest" time="0">
    <error message="Error encountered while parsing &apos;send-to-error-and-continue&apos; : Improper usage of directive &apos;send-to-error-and-continue&apos;, usage - &apos;send-to-error-and-continue &apos;condition&apos;&apos;" type="io.cdap.wrangler.api.RecipeException"><![CDATA[io.cdap.wrangler.api.RecipeException: Error encountered while parsing 'send-to-error-and-continue' : Improper usage of directive 'send-to-error-and-continue', usage - 'send-to-error-and-continue 'condition''
	at io.cdap.wrangler.parser.MapArguments.<init>(MapArguments.java:61)
	at io.cdap.wrangler.parser.GrammarBasedParser.lambda$parse$0(GrammarBasedParser.java:87)
	at io.cdap.wrangler.parser.GrammarWalker.walk(GrammarWalker.java:96)
	at io.cdap.wrangler.parser.GrammarBasedParser.parse(GrammarBasedParser.java:75)
	at io.cdap.wrangler.executor.RecipePipelineExecutor.getDirectives(RecipePipelineExecutor.java:226)
	at io.cdap.wrangler.executor.RecipePipelineExecutor.execute(RecipePipelineExecutor.java:108)
	at io.cdap.directives.row.SendToErrorAndContinueTest.testErrorMessageFormatting(SendToErrorAndContinueTest.java:151)
]]></error>
  </testcase>
</testsuite>