<?xml version="1.0" encoding="UTF-8"?>
<testsuite name="io.cdap.directives.datamodel.DataModelMapColumnTest" time="0.44" tests="6" errors="6" skipped="0" failures="0">
  <properties>
[...]
</properties>
  <testcase name="testInitialize_unknownDataModel_directiveException" classname="io.cdap.directives.datamodel.DataModelMapColumnTest" time="0.435">
    <error message="Unexpected exception, expected&lt;io.cdap.wrangler.api.RecipeException&gt; but was&lt;org.objenesis.ObjenesisException&gt;" type="java.lang.Exception"><![CDATA[java.lang.Exception: Unexpected exception, expected<io.cdap.wrangler.api.RecipeException> but was<org.objenesis.ObjenesisException>
	at javax.xml.parsers.FactoryFinder.<clinit>(FactoryFinder.java:56)
	at javax.xml.parsers.SAXParserFactory.newInstance(SAXParserFactory.java:181)
	at ch.qos.logback.core.joran.event.SaxEventRecorder.buildSaxParser(SaxEventRecorder.java:79)
	at ch.qos.logback.core.joran.event.SaxEventRecorder.recordEvents(SaxEventRecorder.java:57)
	at ch.qos.logback.core.joran.GenericConfigurator.doConfigure(GenericConfigurator.java:151)
	at ch.qos.logback.core.joran.GenericConfigurator.doConfigure(GenericConfigurator.java:110)
	at ch.qos.logback.core.joran.GenericConfigurator.doConfigure(GenericConfigurator.java:53)
	at ch.qos.logback.classic.util.ContextInitializer.configureByResource(ContextInitializer.java:64)
	at ch.qos.logback.classic.util.ContextInitializer.autoConfig(ContextInitializer.java:134)
	at org.slf4j.impl.StaticLoggerBinder.init(StaticLoggerBinder.java:84)
	at org.slf4j.impl.StaticLoggerBinder.<clinit>(StaticLoggerBinder.java:55)
	at org.slf4j.LoggerFactory.bind(LoggerFactory.java:143)
	at org.slf4j.LoggerFactory.performInitialization(LoggerFactory.java:122)
	at org.slf4j.LoggerFactory.getILoggerFactory(LoggerFactory.java:378)
	at org.slf4j.LoggerFactory.getLogger(LoggerFactory.java:328)
	at org.slf4j.LoggerFactory.getLogger(LoggerFactory.java:349)
	at io.cdap.wrangler.utils.AvroSchemaGlossary.<clinit>(AvroSchemaGlossary.java:34)
	at java.base/jdk.internal.misc.Unsafe.ensureClassInitialized0(Native Method)
	at java.base/jdk.internal.misc.Unsafe.ensureClassInitialized(Unsafe.java:1160)
	at java.base/jdk.internal.reflect.MethodHandleAccessorFactory.ensureClassInitialized(MethodHandleAccessorFactory.java:340)
	at java.base/jdk.internal.reflect.MethodHandleAccessorFactory.newSerializableConstructorAccessor(MethodHandleAccessorFactory.java:128)
	at java.base/jdk.internal.reflect.ReflectionFactory.generateConstructor(ReflectionFactory.java:389)
	at java.base/jdk.internal.reflect.ReflectionFactory.newConstructorForSerialization(ReflectionFactory.java:288)
	at jdk.unsupported/sun.reflect.ReflectionFactory.newConstructorForSerialization(ReflectionFactory.java:100)
	at java.base/jdk.internal.reflect.DirectMethodHandleAccessor.invoke(DirectMethodHandleAccessor.java:103)
	at java.base/java.lang.reflect.Method.invoke(Method.java:580)
	at org.objenesis.instantiator.sun.SunReflectionFactoryHelper.newConstructorForSerialization(SunReflectionFactoryHelper.java:44)
	at org.objenesis.instantiator.sun.SunReflectionFactoryInstantiator.<init>(SunReflectionFactoryInstantiator.java:41)
	at org.objenesis.strategy.StdInstantiatorStrategy.newInstantiatorOf(StdInstantiatorStrategy.java:67)
	at org.objenesis.ObjenesisBase.getInstantiatorOf(ObjenesisBase.java:94)
	at org.objenesis.ObjenesisBase.newInstance(ObjenesisBase.java:73)
	at org.mockito.internal.creation.instance.ObjenesisInstantiator.newInstance(ObjenesisInstantiator.java:19)
	at org.mockito.internal.creation.bytebuddy.SubclassByteBuddyMockMaker.createMock(SubclassByteBuddyMockMaker.java:47)
	at org.mockito.internal.creation.bytebuddy.ByteBuddyMockMaker.createMock(ByteBuddyMockMaker.java:25)
	at org.powermock.api.mockito.mockmaker.PowerMockMaker.createMock(PowerMockMaker.java:41)
	at org.mockito.internal.util.MockUtil.createMock(MockUtil.java:35)
	at org.mockito.internal.MockitoCore.mock(MockitoCore.java:69)
	at org.mockito.Mockito.mock(Mockito.java:1895)
	at org.mockito.Mockito.mock(Mockito.java:1804)
	at io.cdap.directives.datamodel.DataModelMapColumnTest.testInitialize_unknownDataModel_directiveException(DataModelMapColumnTest.java:72)
]]></error>
  </testcase>
  <testcase name="testInitialize_unknownRevision_directiveException" classname="io.cdap.directives.datamodel.DataModelMapColumnTest" time="0">
    <error message="Unexpected exception, expected&lt;io.cdap.wrangler.api.RecipeException&gt; but was&lt;org.objenesis.ObjenesisException&gt;" type="java.lang.Exception"><![CDATA[java.lang.Exception: Unexpected exception, expected<io.cdap.wrangler.api.RecipeException> but was<org.objenesis.ObjenesisException>
	at javax.xml.parsers.FactoryFinder.<clinit>(FactoryFinder.java:56)
	at javax.xml.parsers.SAXParserFactory.newInstance(SAXParserFactory.java:181)
	at ch.qos.logback.core.joran.event.SaxEventRecorder.buildSaxParser(SaxEventRecorder.java:79)
	at ch.qos.logback.core.joran.event.SaxEventRecorder.recordEvents(SaxEventRecorder.java:57)
	at ch.qos.logback.core.joran.GenericConfigurator.doConfigure(GenericConfigurator.java:151)
	at ch.qos.logback.core.joran.GenericConfigurator.doConfigure(GenericConfigurator.java:110)
	at ch.qos.logback.core.joran.GenericConfigurator.doConfigure(GenericConfigurator.java:53)
	at ch.qos.logback.classic.util.ContextInitializer.configureByResource(ContextInitializer.java:64)
	at ch.qos.logback.classic.util.ContextInitializer.autoConfig(ContextInitializer.java:134)
	at org.slf4j.impl.StaticLoggerBinder.init(StaticLoggerBinder.java:84)
	at org.slf4j.impl.StaticLoggerBinder.<clinit>(StaticLoggerBinder.java:55)
	at org.slf4j.LoggerFactory.bind(LoggerFactory.java:143)
	at org.slf4j.LoggerFactory.performInitialization(LoggerFactory.java:122)
	at org.slf4j.LoggerFactory.getILoggerFactory(LoggerFactory.java:378)
	at org.slf4j.LoggerFactory.getLogger(LoggerFactory.java:328)
	at org.slf4j.LoggerFactory.getLogger(LoggerFactory.java:349)
	at io.cdap.wrangler.utils.AvroSchemaGlossary.<clinit>(AvroSchemaGlossary.java:34)
	at java.base/jdk.internal.misc.Unsafe.ensureClassInitialized0(Native Method)
	at java.base/jdk.internal.misc.Unsafe.ensureClassInitialized(Unsafe.java:1160)
	at java.base/jdk.internal.reflect.MethodHandleAccessorFactory.ensureClassInitialized(MethodHandleAccessorFactory.java:340)
	at java.base/jdk.internal.reflect.MethodHandleAccessorFactory.newSerializableConstructorAccessor(MethodHandleAccessorFactory.java:128)
	at java.base/jdk.internal.reflect.ReflectionFactory.generateConstructor(ReflectionFactory.java:389)
	at java.base/jdk.internal.reflect.ReflectionFactory.newConstructorForSerialization(ReflectionFactory.java:288)
	at jdk.unsupported/sun.reflect.ReflectionFactory.newConstructorForSerialization(ReflectionFactory.java:100)
	at java.base/jdk.internal.reflect.DirectMethodHandleAccessor.invoke(DirectMethodHandleAccessor.java:103)
	at java.base/java.lang.reflect.Method.invoke(Method.java:580)
	at org.objenesis.instantiator.sun.SunReflectionFactoryHelper.newConstructorForSerialization(SunReflectionFactoryHelper.java:44)
	at org.objenesis.instantiator.sun.SunReflectionFactoryInstantiator.<init>(SunReflectionFactoryInstantiator.java:41)
	at org.objenesis.strategy.StdInstantiatorStrategy.newInstantiatorOf(StdInstantiatorStrategy.java:67)
	at org.objenesis.ObjenesisBase.getInstantiatorOf(ObjenesisBase.java:94)
	at org.objenesis.ObjenesisBase.newInstance(ObjenesisBase.java:73)
	at org.mockito.internal.creation.instance.ObjenesisInstantiator.newInstance(ObjenesisInstantiator.java:19)
	at org.mockito.internal.creation.bytebuddy.SubclassByteBuddyMockMaker.createMock(SubclassByteBuddyMockMaker.java:47)
	at org.mockito.internal.creation.bytebuddy.ByteBuddyMockMaker.createMock(ByteBuddyMockMaker.java:25)
	at org.powermock.api.mockito.mockmaker.PowerMockMaker.createMock(PowerMockMaker.java:41)
	at org.mockito.internal.util.MockUtil.createMock(MockUtil.java:35)
	at org.mockito.internal.MockitoCore.mock(MockitoCore.java:69)
	at org.mockito.Mockito.mock(Mockito.java:1895)
	at org.mockito.Mockito.mock(Mockito.java:1804)
	at io.cdap.directives.datamodel.DataModelMapColumnTest.testInitialize_unknownDataModel_directiveException(DataModelMapColumnTest.java:72)
]]></error>
  </testcase>
  <testcase name="testInitialize_unknownModel_directiveException" classname="io.cdap.directives.datamodel.DataModelMapColumnTest" time="0.004">
    <error message="Unexpected exception, expected&lt;io.cdap.wrangler.api.RecipeException&gt; but was&lt;org.objenesis.ObjenesisException&gt;" type="java.lang.Exception"><![CDATA[java.lang.Exception: Unexpected exception, expected<io.cdap.wrangler.api.RecipeException> but was<org.objenesis.ObjenesisException>
	at javax.xml.parsers.FactoryFinder.<clinit>(FactoryFinder.java:56)
	at javax.xml.parsers.SAXParserFactory.newInstance(SAXParserFactory.java:181)
	at ch.qos.logback.core.joran.event.SaxEventRecorder.buildSaxParser(SaxEventRecorder.java:79)
	at ch.qos.logback.core.joran.event.SaxEventRecorder.recordEvents(SaxEventRecorder.java:57)
	at ch.qos.logback.core.joran.GenericConfigurator.doConfigure(GenericConfigurator.java:151)
	at ch.qos.logback.core.joran.GenericConfigurator.doConfigure(GenericConfigurator.java:110)
	at ch.qos.logback.core.joran.GenericConfigurator.doConfigure(GenericConfigurator.java:53)
	at ch.qos.logback.classic.util.ContextInitializer.configureByResource(ContextInitializer.java:64)
	at ch.qos.logback.classic.util.ContextInitializer.autoConfig(ContextInitializer.java:134)
	at org.slf4j.impl.StaticLoggerBinder.init(StaticLoggerBinder.java:84)
	at org.slf4j.impl.StaticLoggerBinder.<clinit>(StaticLoggerBinder.java:55)
	at org.slf4j.LoggerFactory.bind(LoggerFactory.java:143)
	at org.slf4j.LoggerFactory.performInitialization(LoggerFactory.java:122)
	at org.slf4j.LoggerFactory.getILoggerFactory(LoggerFactory.java:378)
	at org.slf4j.LoggerFactory.getLogger(LoggerFactory.java:328)
	at org.slf4j.LoggerFactory.getLogger(LoggerFactory.java:349)
	at io.cdap.wrangler.utils.AvroSchemaGlossary.<clinit>(AvroSchemaGlossary.java:34)
	at java.base/jdk.internal.misc.Unsafe.ensureClassInitialized0(Native Method)
	at java.base/jdk.internal.misc.Unsafe.ensureClassInitialized(Unsafe.java:1160)
	at java.base/jdk.internal.reflect.MethodHandleAccessorFactory.ensureClassInitialized(MethodHandleAccessorFactory.java:340)
	at java.base/jdk.internal.reflect.MethodHandleAccessorFactory.newSerializableConstructorAccessor(MethodHandleAccessorFactory.java:128)
	at java.base/jdk.internal.reflect.ReflectionFactory.generateConstructor(ReflectionFactory.java:389)
	at java.base/jdk.internal.reflect.ReflectionFactory.newConstructorForSerialization(ReflectionFactory.java:288)
	at jdk.unsupported/sun.reflect.ReflectionFactory.newConstructorForSerialization(ReflectionFactory.java:100)
	at java.base/jdk.internal.reflect.DirectMethodHandleAccessor.invoke(DirectMethodHandleAccessor.java:103)
	at java.base/java.lang.reflect.Method.invoke(Method.java:580)
	at org.objenesis.instantiator.sun.SunReflectionFactoryHelper.newConstructorForSerialization(SunReflectionFactoryHelper.java:44)
	at org.objenesis.instantiator.sun.SunReflectionFactoryInstantiator.<init>(SunReflectionFactoryInstantiator.java:41)
	at org.objenesis.strategy.StdInstantiatorStrategy.newInstantiatorOf(StdInstantiatorStrategy.java:67)
	at org.objenesis.ObjenesisBase.getInstantiatorOf(ObjenesisBase.java:94)
	at org.objenesis.ObjenesisBase.newInstance(ObjenesisBase.java:73)
	at org.mockito.internal.creation.instance.ObjenesisInstantiator.newInstance(ObjenesisInstantiator.java:19)
	at org.mockito.internal.creation.bytebuddy.SubclassByteBuddyMockMaker.createMock(SubclassByteBuddyMockMaker.java:47)
	at org.mockito.internal.creation.bytebuddy.ByteBuddyMockMaker.createMock(ByteBuddyMockMaker.java:25)
	at org.powermock.api.mockito.mockmaker.PowerMockMaker.createMock(PowerMockMaker.java:41)
	at org.mockito.internal.util.MockUtil.createMock(MockUtil.java:35)
	at org.mockito.internal.MockitoCore.mock(MockitoCore.java:69)
	at org.mockito.Mockito.mock(Mockito.java:1895)
	at org.mockito.Mockito.mock(Mockito.java:1804)
	at io.cdap.directives.datamodel.DataModelMapColumnTest.testInitialize_unknownDataModel_directiveException(DataModelMapColumnTest.java:72)
]]></error>
  </testcase>
  <testcase name="testInitialize_unknownTargetField_directiveException" classname="io.cdap.directives.datamodel.DataModelMapColumnTest" time="0">
    <error message="Unexpected exception, expected&lt;io.cdap.wrangler.api.RecipeException&gt; but was&lt;org.objenesis.ObjenesisException&gt;" type="java.lang.Exception"><![CDATA[java.lang.Exception: Unexpected exception, expected<io.cdap.wrangler.api.RecipeException> but was<org.objenesis.ObjenesisException>
	at javax.xml.parsers.FactoryFinder.<clinit>(FactoryFinder.java:56)
	at javax.xml.parsers.SAXParserFactory.newInstance(SAXParserFactory.java:181)
	at ch.qos.logback.core.joran.event.SaxEventRecorder.buildSaxParser(SaxEventRecorder.java:79)
	at ch.qos.logback.core.joran.event.SaxEventRecorder.recordEvents(SaxEventRecorder.java:57)
	at ch.qos.logback.core.joran.GenericConfigurator.doConfigure(GenericConfigurator.java:151)
	at ch.qos.logback.core.joran.GenericConfigurator.doConfigure(GenericConfigurator.java:110)
	at ch.qos.logback.core.joran.GenericConfigurator.doConfigure(GenericConfigurator.java:53)
	at ch.qos.logback.classic.util.ContextInitializer.configureByResource(ContextInitializer.java:64)
	at ch.qos.logback.classic.util.ContextInitializer.autoConfig(ContextInitializer.java:134)
	at org.slf4j.impl.StaticLoggerBinder.init(StaticLoggerBinder.java:84)
	at org.slf4j.impl.StaticLoggerBinder.<clinit>(StaticLoggerBinder.java:55)
	at org.slf4j.LoggerFactory.bind(LoggerFactory.java:143)
	at org.slf4j.LoggerFactory.performInitialization(LoggerFactory.java:122)
	at org.slf4j.LoggerFactory.getILoggerFactory(LoggerFactory.java:378)
	at org.slf4j.LoggerFactory.getLogger(LoggerFactory.java:328)
	at org.slf4j.LoggerFactory.getLogger(LoggerFactory.java:349)
	at io.cdap.wrangler.utils.AvroSchemaGlossary.<clinit>(AvroSchemaGlossary.java:34)
	at java.base/jdk.internal.misc.Unsafe.ensureClassInitialized0(Native Method)
	at java.base/jdk.internal.misc.Unsafe.ensureClassInitialized(Unsafe.java:1160)
	at java.base/jdk.internal.reflect.MethodHandleAccessorFactory.ensureClassInitialized(MethodHandleAccessorFactory.java:340)
	at java.base/jdk.internal.reflect.MethodHandleAccessorFactory.newSerializableConstructorAccessor(MethodHandleAccessorFactory.java:128)
	at java.base/jdk.internal.reflect.ReflectionFactory.generateConstructor(ReflectionFactory.java:389)
	at java.base/jdk.internal.reflect.ReflectionFactory.newConstructorForSerialization(ReflectionFactory.java:288)
	at jdk.unsupported/sun.reflect.ReflectionFactory.newConstructorForSerialization(ReflectionFactory.java:100)
	at java.base/jdk.internal.reflect.DirectMethodHandleAccessor.invoke(DirectMethodHandleAccessor.java:103)
	at java.base/java.lang.reflect.Method.invoke(Method.java:580)
	at org.objenesis.instantiator.sun.SunReflectionFactoryHelper.newConstructorForSerialization(SunReflectionFactoryHelper.java:44)
	at org.objenesis.instantiator.sun.SunReflectionFactoryInstantiator.<init>(SunReflectionFactoryInstantiator.java:41)
	at org.objenesis.strategy.StdInstantiatorStrategy.newInstantiatorOf(StdInstantiatorStrategy.java:67)
	at org.objenesis.ObjenesisBase.getInstantiatorOf(ObjenesisBase.java:94)
	at org.objenesis.ObjenesisBase.newInstance(ObjenesisBase.java:73)
	at org.mockito.internal.creation.instance.ObjenesisInstantiator.newInstance(ObjenesisInstantiator.java:19)
	at org.mockito.internal.creation.bytebuddy.SubclassByteBuddyMockMaker.createMock(SubclassByteBuddyMockMaker.java:47)
	at org.mockito.internal.creation.bytebuddy.ByteBuddyMockMaker.createMock(ByteBuddyMockMaker.java:25)
	at org.powermock.api.mockito.mockmaker.PowerMockMaker.createMock(PowerMockMaker.java:41)
	at org.mockito.internal.util.MockUtil.createMock(MockUtil.java:35)
	at org.mockito.internal.MockitoCore.mock(MockitoCore.java:69)
	at org.mockito.Mockito.mock(Mockito.java:1895)
	at org.mockito.Mockito.mock(Mockito.java:1804)
	at io.cdap.directives.datamodel.DataModelMapColumnTest.testInitialize_unknownDataModel_directiveException(DataModelMapColumnTest.java:72)
]]></error>
  </testcase>
  <testcase name="testInitialize_targetFieldMissingType_directiveException" classname="io.cdap.directives.datamodel.DataModelMapColumnTest" time="0.001">
    <error message="Unexpected exception, expected&lt;io.cdap.wrangler.api.RecipeException&gt; but was&lt;org.objenesis.ObjenesisException&gt;" type="java.lang.Exception"><![CDATA[java.lang.Exception: Unexpected exception, expected<io.cdap.wrangler.api.RecipeException> but was<org.objenesis.ObjenesisException>
	at javax.xml.parsers.FactoryFinder.<clinit>(FactoryFinder.java:56)
	at javax.xml.parsers.SAXParserFactory.newInstance(SAXParserFactory.java:181)
	at ch.qos.logback.core.joran.event.SaxEventRecorder.buildSaxParser(SaxEventRecorder.java:79)
	at ch.qos.logback.core.joran.event.SaxEventRecorder.recordEvents(SaxEventRecorder.java:57)
	at ch.qos.logback.core.joran.GenericConfigurator.doConfigure(GenericConfigurator.java:151)
	at ch.qos.logback.core.joran.GenericConfigurator.doConfigure(GenericConfigurator.java:110)
	at ch.qos.logback.core.joran.GenericConfigurator.doConfigure(GenericConfigurator.java:53)
	at ch.qos.logback.classic.util.ContextInitializer.configureByResource(ContextInitializer.java:64)
	at ch.qos.logback.classic.util.ContextInitializer.autoConfig(ContextInitializer.java:134)
	at org.slf4j.impl.StaticLoggerBinder.init(StaticLoggerBinder.java:84)
	at org.slf4j.impl.StaticLoggerBinder.<clinit>(StaticLoggerBinder.java:55)
	at org.slf4j.LoggerFactory.bind(LoggerFactory.java:143)
	at org.slf4j.LoggerFactory.performInitialization(LoggerFactory.java:122)
	at org.slf4j.LoggerFactory.getILoggerFactory(LoggerFactory.java:378)
	at org.slf4j.LoggerFactory.getLogger(LoggerFactory.java:328)
	at org.slf4j.LoggerFactory.getLogger(LoggerFactory.java:349)
	at io.cdap.wrangler.utils.AvroSchemaGlossary.<clinit>(AvroSchemaGlossary.java:34)
	at java.base/jdk.internal.misc.Unsafe.ensureClassInitialized0(Native Method)
	at java.base/jdk.internal.misc.Unsafe.ensureClassInitialized(Unsafe.java:1160)
	at java.base/jdk.internal.reflect.MethodHandleAccessorFactory.ensureClassInitialized(MethodHandleAccessorFactory.java:340)
	at java.base/jdk.internal.reflect.MethodHandleAccessorFactory.newSerializableConstructorAccessor(MethodHandleAccessorFactory.java:128)
	at java.base/jdk.internal.reflect.ReflectionFactory.generateConstructor(ReflectionFactory.java:389)
	at java.base/jdk.internal.reflect.ReflectionFactory.newConstructorForSerialization(ReflectionFactory.java:288)
	at jdk.unsupported/sun.reflect.ReflectionFactory.newConstructorForSerialization(ReflectionFactory.java:100)
	at java.base/jdk.internal.reflect.DirectMethodHandleAccessor.invoke(DirectMethodHandleAccessor.java:103)
	at java.base/java.lang.reflect.Method.invoke(Method.java:580)
	at org.objenesis.instantiator.sun.SunReflectionFactoryHelper.newConstructorForSerialization(SunReflectionFactoryHelper.java:44)
	at org.objenesis.instantiator.sun.SunReflectionFactoryInstantiator.<init>(SunReflectionFactoryInstantiator.java:41)
	at org.objenesis.strategy.StdInstantiatorStrategy.newInstantiatorOf(StdInstantiatorStrategy.java:67)
	at org.objenesis.ObjenesisBase.getInstantiatorOf(ObjenesisBase.java:94)
	at org.objenesis.ObjenesisBase.newInstance(ObjenesisBase.java:73)
	at org.mockito.internal.creation.instance.ObjenesisInstantiator.newInstance(ObjenesisInstantiator.java:19)
	at org.mockito.internal.creation.bytebuddy.SubclassByteBuddyMockMaker.createMock(SubclassByteBuddyMockMaker.java:47)
	at org.mockito.internal.creation.bytebuddy.ByteBuddyMockMaker.createMock(ByteBuddyMockMaker.java:25)
	at org.powermock.api.mockito.mockmaker.PowerMockMaker.createMock(PowerMockMaker.java:41)
	at org.mockito.internal.util.MockUtil.createMock(MockUtil.java:35)
	at org.mockito.internal.MockitoCore.mock(MockitoCore.java:69)
	at org.mockito.Mockito.mock(Mockito.java:1895)
	at org.mockito.Mockito.mock(Mockito.java:1804)
	at io.cdap.directives.datamodel.DataModelMapColumnTest.testInitialize_unknownDataModel_directiveException(DataModelMapColumnTest.java:72)
]]></error>
  </testcase>
  <testcase name="testExecute_row_successful" classname="io.cdap.directives.datamodel.DataModelMapColumnTest" time="0">
    <error message="java.lang.reflect.InvocationTargetException" type="org.objenesis.ObjenesisException"><![CDATA[org.objenesis.ObjenesisException: java.lang.reflect.InvocationTargetException
	at javax.xml.parsers.FactoryFinder.<clinit>(FactoryFinder.java:56)
	at javax.xml.parsers.SAXParserFactory.newInstance(SAXParserFactory.java:181)
	at ch.qos.logback.core.joran.event.SaxEventRecorder.buildSaxParser(SaxEventRecorder.java:79)
	at ch.qos.logback.core.joran.event.SaxEventRecorder.recordEvents(SaxEventRecorder.java:57)
	at ch.qos.logback.core.joran.GenericConfigurator.doConfigure(GenericConfigurator.java:151)
	at ch.qos.logback.core.joran.GenericConfigurator.doConfigure(GenericConfigurator.java:110)
	at ch.qos.logback.core.joran.GenericConfigurator.doConfigure(GenericConfigurator.java:53)
	at ch.qos.logback.classic.util.ContextInitializer.configureByResource(ContextInitializer.java:64)
	at ch.qos.logback.classic.util.ContextInitializer.autoConfig(ContextInitializer.java:134)
	at org.slf4j.impl.StaticLoggerBinder.init(StaticLoggerBinder.java:84)
	at org.slf4j.impl.StaticLoggerBinder.<clinit>(StaticLoggerBinder.java:55)
	at org.slf4j.LoggerFactory.bind(LoggerFactory.java:143)
	at org.slf4j.LoggerFactory.performInitialization(LoggerFactory.java:122)
	at org.slf4j.LoggerFactory.getILoggerFactory(LoggerFactory.java:378)
	at org.slf4j.LoggerFactory.getLogger(LoggerFactory.java:328)
	at org.slf4j.LoggerFactory.getLogger(LoggerFactory.java:349)
	at io.cdap.wrangler.utils.AvroSchemaGlossary.<clinit>(AvroSchemaGlossary.java:34)
	at java.base/jdk.internal.misc.Unsafe.ensureClassInitialized0(Native Method)
	at java.base/jdk.internal.misc.Unsafe.ensureClassInitialized(Unsafe.java:1160)
	at java.base/jdk.internal.reflect.MethodHandleAccessorFactory.ensureClassInitialized(MethodHandleAccessorFactory.java:340)
	at java.base/jdk.internal.reflect.MethodHandleAccessorFactory.newSerializableConstructorAccessor(MethodHandleAccessorFactory.java:128)
	at java.base/jdk.internal.reflect.ReflectionFactory.generateConstructor(ReflectionFactory.java:389)
	at java.base/jdk.internal.reflect.ReflectionFactory.newConstructorForSerialization(ReflectionFactory.java:288)
	at jdk.unsupported/sun.reflect.ReflectionFactory.newConstructorForSerialization(ReflectionFactory.java:100)
	at java.base/jdk.internal.reflect.DirectMethodHandleAccessor.invoke(DirectMethodHandleAccessor.java:103)
	at java.base/java.lang.reflect.Method.invoke(Method.java:580)
	at org.objenesis.instantiator.sun.SunReflectionFactoryHelper.newConstructorForSerialization(SunReflectionFactoryHelper.java:44)
	at org.objenesis.instantiator.sun.SunReflectionFactoryInstantiator.<init>(SunReflectionFactoryInstantiator.java:41)
	at org.objenesis.strategy.StdInstantiatorStrategy.newInstantiatorOf(StdInstantiatorStrategy.java:67)
	at org.objenesis.ObjenesisBase.getInstantiatorOf(ObjenesisBase.java:94)
	at org.objenesis.ObjenesisBase.newInstance(ObjenesisBase.java:73)
	at org.mockito.internal.creation.instance.ObjenesisInstantiator.newInstance(ObjenesisInstantiator.java:19)
	at org.mockito.internal.creation.bytebuddy.SubclassByteBuddyMockMaker.createMock(SubclassByteBuddyMockMaker.java:47)
	at org.mockito.internal.creation.bytebuddy.ByteBuddyMockMaker.createMock(ByteBuddyMockMaker.java:25)
	at org.powermock.api.mockito.mockmaker.PowerMockMaker.createMock(PowerMockMaker.java:41)
	at org.mockito.internal.util.MockUtil.createMock(MockUtil.java:35)
	at org.mockito.internal.MockitoCore.mock(MockitoCore.java:69)
	at org.mockito.Mockito.mock(Mockito.java:1895)
	at org.mockito.Mockito.mock(Mockito.java:1804)
	at io.cdap.directives.datamodel.DataModelMapColumnTest.testInitialize_unknownDataModel_directiveException(DataModelMapColumnTest.java:72)
]]></error>
  </testcase>
</testsuite>