<?xml version="1.0" encoding="UTF-8"?>
<testsuite name="io.cdap.directives.row.RowConditionFilterTest" time="0.005" tests="3" errors="1" skipped="0" failures="0">
  <properties>
[...]
</properties>
  <testcase name="testSameRHSAndLHSType" classname="io.cdap.directives.row.RowConditionFilterTest" time="0.001"/>
  <testcase name="testComparingColumns" classname="io.cdap.directives.row.RowConditionFilterTest" time="0.001"/>
  <testcase name="testRHSLHSTypeDisconnect" classname="io.cdap.directives.row.RowConditionFilterTest" time="0.003">
    <error message="Unexpected exception, expected&lt;io.cdap.wrangler.api.RecipeException&gt; but was&lt;java.lang.AssertionError&gt;" type="java.lang.Exception"><![CDATA[java.lang.Exception: Unexpected exception, expected<io.cdap.wrangler.api.RecipeException> but was<java.lang.AssertionError>
	at org.junit.Assert.fail(Assert.java:86)
	at org.junit.Assert.assertTrue(Assert.java:41)
	at org.junit.Assert.assertTrue(Assert.java:52)
	at io.cdap.directives.row.RowConditionFilterTest.testRHSLHSTypeDisconnect(RowConditionFilterTest.java:50)
]]></error>
  </testcase>
</testsuite>