<?xml version="1.0" encoding="UTF-8"?>
<testsuite name="io.cdap.functions.DateAndTimeTest" time="0.173" tests="35" errors="0" skipped="0" failures="0">
  <properties>
[...]
</properties>
  <testcase name="testDaysSinceFromDate" classname="io.cdap.functions.DateAndTimeTest" time="0.018"/>
  <testcase name="testMilliSecondsFromTime" classname="io.cdap.functions.DateAndTimeTest" time="0.003"/>
  <testcase name="testDateFromComponents" classname="io.cdap.functions.DateAndTimeTest" time="0.008"/>
  <testcase name="testWeekdayFromDate" classname="io.cdap.functions.DateAndTimeTest" time="0.016"/>
  <testcase name="testSecondsFromTime" classname="io.cdap.functions.DateAndTimeTest" time="0.003"/>
  <testcase name="testNthWeekdayFromDate" classname="io.cdap.functions.DateAndTimeTest" time="0.009"/>
  <testcase name="testTimestampFromDateTime" classname="io.cdap.functions.DateAndTimeTest" time="0.003"/>
  <testcase name="testDaysInYear" classname="io.cdap.functions.DateAndTimeTest" time="0.009"/>
  <testcase name="testHoursFromTime" classname="io.cdap.functions.DateAndTimeTest" time="0.01"/>
  <testcase name="testDateFromJulianDay" classname="io.cdap.functions.DateAndTimeTest" time="0.003"/>
  <testcase name="testYeardayFromDate" classname="io.cdap.functions.DateAndTimeTest" time="0.003"/>
  <testcase name="testTimestampFromSecondSince" classname="io.cdap.functions.DateAndTimeTest" time="0.003"/>
  <testcase name="testCurrentDateTime" classname="io.cdap.functions.DateAndTimeTest" time="0.013"/>
  <testcase name="testMicroSecondsFromTime" classname="io.cdap.functions.DateAndTimeTest" time="0.003"/>
  <testcase name="testMonthDayFromDate" classname="io.cdap.functions.DateAndTimeTest" time="0.002"/>
  <testcase name="testMonthFromDate" classname="io.cdap.functions.DateAndTimeTest" time="0.002"/>
  <testcase name="testTimeFromMidnightSeconds" classname="io.cdap.functions.DateAndTimeTest" time="0.003"/>
  <testcase name="testYearweekFromDate" classname="io.cdap.functions.DateAndTimeTest" time="0.003"/>
  <testcase name="testDateFromDaysSince" classname="io.cdap.functions.DateAndTimeTest" time="0.005"/>
  <testcase name="testMinutesFromTime" classname="io.cdap.functions.DateAndTimeTest" time="0.003"/>
  <testcase name="testNextWeekdayFromDate" classname="io.cdap.functions.DateAndTimeTest" time="0.005"/>
  <testcase name="testJulianDayFromDate" classname="io.cdap.functions.DateAndTimeTest" time="0.003"/>
  <testcase name="testDaysInMonth" classname="io.cdap.functions.DateAndTimeTest" time="0.004"/>
  <testcase name="testMidnightSecondsFromTime" classname="io.cdap.functions.DateAndTimeTest" time="0.002"/>
  <testcase name="testSecondsSinceFromTimestamp" classname="io.cdap.functions.DateAndTimeTest" time="0.003"/>
  <testcase name="testTimestampOffsetByComponents" classname="io.cdap.functions.DateAndTimeTest" time="0.004"/>
  <testcase name="testTimeFromComponents" classname="io.cdap.functions.DateAndTimeTest" time="0.003"/>
  <testcase name="testDateOffsetByComponents" classname="io.cdap.functions.DateAndTimeTest" time="0.007"/>
  <testcase name="testPreviousWeekdayFromDate" classname="io.cdap.functions.DateAndTimeTest" time="0.005"/>
  <testcase name="testTimestampOffsetBySeconds" classname="io.cdap.functions.DateAndTimeTest" time="0.002"/>
  <testcase name="testDateOffsetByDays" classname="io.cdap.functions.DateAndTimeTest" time="0.004"/>
  <testcase name="testEpochFromTimestamp" classname="io.cdap.functions.DateAndTimeTest" time="0.002"/>
  <testcase name="testTimestampFromTime2" classname="io.cdap.functions.DateAndTimeTest" time="0.003"/>
  <testcase name="testTimestampFromTimet" classname="io.cdap.functions.DateAndTimeTest" time="0.002"/>
  <testcase name="testNanoSecondsFromTime" classname="io.cdap.functions.DateAndTimeTest" time="0.002"/>
</testsuite>