<?xml version="1.0" encoding="UTF-8"?>
<testsuite name="io.cdap.directives.column.SetTypeTest" time="0.012" tests="19" errors="0" skipped="0" failures="1">
  <properties>
[...]
</properties>
  <testcase name="testToDecimalNegativeScale" classname="io.cdap.directives.column.SetTypeTest" time="0.001"/>
  <testcase name="testToDecimalWithRound" classname="io.cdap.directives.column.SetTypeTest" time="0"/>
  <testcase name="testToBytes" classname="io.cdap.directives.column.SetTypeTest" time="0.002"/>
  <testcase name="testToDecimalWithPrecision" classname="io.cdap.directives.column.SetTypeTest" time="0.001"/>
  <testcase name="testToFloat" classname="io.cdap.directives.column.SetTypeTest" time="0.001"/>
  <testcase name="testToShort" classname="io.cdap.directives.column.SetTypeTest" time="0.001"/>
  <testcase name="testToDouble" classname="io.cdap.directives.column.SetTypeTest" time="0"/>
  <testcase name="testToInt" classname="io.cdap.directives.column.SetTypeTest" time="0"/>
  <testcase name="testToString" classname="io.cdap.directives.column.SetTypeTest" time="0.001"/>
  <testcase name="testToBoolean" classname="io.cdap.directives.column.SetTypeTest" time="0.001"/>
  <testcase name="testToDecimalScaleIsNull" classname="io.cdap.directives.column.SetTypeTest" time="0.001"/>
  <testcase name="testToDecimalWithScalePrecisionAndRoundingMode" classname="io.cdap.directives.column.SetTypeTest" time="0"/>
  <testcase name="testToDecimalWithInvalidPrecision" classname="io.cdap.directives.column.SetTypeTest" time="0"/>
  <testcase name="testToDecimalInvalidRoundingMode" classname="io.cdap.directives.column.SetTypeTest" time="0"/>
  <testcase name="testToDecimal" classname="io.cdap.directives.column.SetTypeTest" time="0"/>
  <testcase name="testToDecimalRoundingRequired" classname="io.cdap.directives.column.SetTypeTest" time="0.001">
    <failure message="Expected exception: io.cdap.wrangler.api.RecipeException" type="java.lang.AssertionError">java.lang.AssertionError: Expected exception: io.cdap.wrangler.api.RecipeException
	at org.junit.internal.runners.statements.ExpectException.evaluate(ExpectException.java:32)
	at org.junit.runners.ParentRunner.runLeaf(ParentRunner.java:325)
	at org.junit.runners.BlockJUnit4ClassRunner.runChild(BlockJUnit4ClassRunner.java:78)
	at org.junit.runners.BlockJUnit4ClassRunner.runChild(BlockJUnit4ClassRunner.java:57)
	at org.junit.runners.ParentRunner$3.run(ParentRunner.java:290)
	at org.junit.runners.ParentRunner$1.schedule(ParentRunner.java:71)
	at org.junit.runners.ParentRunner.runChildren(ParentRunner.java:288)
	at org.junit.runners.ParentRunner.access$000(ParentRunner.java:58)
	at org.junit.runners.ParentRunner$2.evaluate(ParentRunner.java:268)
	at org.junit.runners.ParentRunner.run(ParentRunner.java:363)
	at org.apache.maven.surefire.junit4.JUnit4Provider.execute(JUnit4Provider.java:264)
	at org.apache.maven.surefire.junit4.JUnit4Provider.executeTestSet(JUnit4Provider.java:153)
	at org.apache.maven.surefire.junit4.JUnit4Provider.invoke(JUnit4Provider.java:124)
	at java.base/jdk.internal.reflect.DirectMethodHandleAccessor.invoke(DirectMethodHandleAccessor.java:103)
	at java.base/java.lang.reflect.Method.invoke(Method.java:580)
	at org.apache.maven.surefire.util.ReflectionUtils.invokeMethodWithArray2(ReflectionUtils.java:208)
	at org.apache.maven.surefire.booter.ProviderFactory$ProviderProxy.invoke(ProviderFactory.java:159)
	at org.apache.maven.surefire.booter.ProviderFactory.invokeProvider(ProviderFactory.java:87)
	at org.apache.maven.surefire.booter.ForkedBooter.runSuitesInProcess(ForkedBooter.java:153)
	at org.apache.maven.surefire.booter.ForkedBooter.main(ForkedBooter.java:95)
</failure>
  </testcase>
  <testcase name="testGetOutputSchemaForTypeChangedColumn" classname="io.cdap.directives.column.SetTypeTest" time="0.001"/>
  <testcase name="testToLong" classname="io.cdap.directives.column.SetTypeTest" time="0.001"/>
  <testcase name="testTimestampToString" classname="io.cdap.directives.column.SetTypeTest" time="0"/>
</testsuite>