<?xml version="1.0" encoding="UTF-8"?>
<testsuite name="io.cdap.directives.row.SplitToRowsTest" time="0" tests="3" errors="0" skipped="0" failures="0">
  <properties>
[...]
</properties>
  <testcase name="testDocExample" classname="io.cdap.directives.row.SplitToRowsTest" time="0"/>
  <testcase name="testSplitWhenNoPatternMatch" classname="io.cdap.directives.row.SplitToRowsTest" time="0"/>
  <testcase name="testSplitToRows" classname="io.cdap.directives.row.SplitToRowsTest" time="0"/>
</testsuite>