<?xml version="1.0" encoding="UTF-8"?>
<testsuite name="io.cdap.directives.transformation.ParseDateTest" time="0.406" tests="5" errors="0" skipped="0" failures="2">
  <properties>
[...]
</properties>
  <testcase name="testSimpleDateParserAndDiff" classname="io.cdap.directives.transformation.ParseDateTest" time="0.002"/>
  <testcase name="testFormatDate" classname="io.cdap.directives.transformation.ParseDateTest" time="0.07">
    <failure message="expected:&lt;12-[10-2016 at 14]:45:11 UTC&gt; but was:&lt;12-[09-2016 at 22]:45:11 UTC&gt;" type="org.junit.ComparisonFailure"><![CDATA[org.junit.ComparisonFailure: expected:<12-[10-2016 at 14]:45:11 UTC> but was:<12-[09-2016 at 22]:45:11 UTC>
	at org.junit.Assert.assertEquals(Assert.java:115)
	at org.junit.Assert.assertEquals(Assert.java:144)
	at io.cdap.directives.transformation.ParseDateTest.testFormatDate(ParseDateTest.java:257)
]]></failure>
  </testcase>
  <testcase name="testDateParser" classname="io.cdap.directives.transformation.ParseDateTest" time="0.331"/>
  <testcase name="testDateConversionToLong" classname="io.cdap.directives.transformation.ParseDateTest" time="0.001"/>
  <testcase name="testSimpleDateWithPatterns" classname="io.cdap.directives.transformation.ParseDateTest" time="0.002">
    <failure message="expected:&lt;2016-12-10T14:45:11Z[UTC]&gt; but was:&lt;2016-12-09T22:45:11Z[UTC]&gt;" type="java.lang.AssertionError"><![CDATA[java.lang.AssertionError: expected:<2016-12-10T14:45:11Z[UTC]> but was:<2016-12-09T22:45:11Z[UTC]>
	at org.junit.Assert.fail(Assert.java:88)
	at org.junit.Assert.failNotEquals(Assert.java:834)
	at org.junit.Assert.assertEquals(Assert.java:118)
	at org.junit.Assert.assertEquals(Assert.java:144)
	at io.cdap.directives.transformation.ParseDateTest.testSimpleDateWithPatterns(ParseDateTest.java:138)
]]></failure>
  </testcase>
</testsuite>